600 67 71880 40 280 203
243 1
340 2
485 3
432 2
570 1
149 1
264 1
47 1
75 2
33 4
157 4
276 3
23 4
176 3
123 2
171 5
536 3
353 1
519 2
596 2
104 4
358 5
457 5
581 6
392 4
196 1
208 6
460 7
545 6
554 2
116 7
291 6
49 8
456 7
542 5
487 6
214 9
100 8
514 3
14 9
299 10
30 7
286 8
154 9
359 10
238 11
354 11
368 12
127 9
6 5
357 12
130 6
511 13
194 6
284 13
443 10
293 2
380 8
562 14
159 11
269 15
494 11
36 6
247 3
8 12
26 9
422 7
222 11
412 4
321 10
307 1
411 13
435 13
122 10
486 14
143 16
496 15
97 8
426 5
215 16
27 12
168 13
459 17
21 14
106 17
404 14
394 13
500 12
7 7
440 10
567 4
428 14
335 17
46 17
239 15
165 15
0 12
253 18
336 19
51 17
346 4
429 18
28 19
151 8
575 9
230 9
438 10
505 16
227 16
70 5
152 12
314 13
395 20
25 19
158 12
94 19
463 21
488 15
73 18
260 14
518 5
179 20
185 21
44 22
136 19
436 20
298 14
156 19
283 2
301 6
5 20
598 5
266 11
77 16
184 22
175 18
497 22
458 16
228 20
480 1
148 21
140 23
164 11
452 21
464 3
133 3
363 6
19 22
337 23
137 21
2 10
313 3
573 4
309 14
190 23
304 24
212 18
288 19
360 24
236 17
172 24
18 21
508 25
245 22
183 24
592 25
550 10
407 26
182 23
574 15
493 7
60 3
388 10
225 26
181 10
259 23
108 24
549 25
557 26
96 7
282 27
386 9
232 27
375 19
495 28
235 29
561 21
320 27
521 5
290 27
35 1
125 7
201 12
310 26
348 26
538 12
273 26
425 18
414 20
219 28
362 20
61 28
163 23
198 12
12 25
317 29
141 27
113 3
218 28
334 30
430 22
207 17
434 29
327 30
160 31
1 29
90 11
498 8
71 32
99 27
450 15
381 25
265 32
132 19
270 31
267 33
469 31
102 24
242 15
101 34
204 30
103 33
371 25
191 23
240 9
59 18
224 26
110 34
401 27
546 27
221 32
303 8
329 35
333 17
339 24
121 16
345 29
372 28
597 29
112 2
448 32
234 31
285 28
202 9
347 34
402 33
131 24
507 35
589 33
155 30
186 36
370 35
203 30
98 34
107 34
55 4
139 32
241 36
537 25
174 37
421 1
390 24
287 10
41 35
39 7
254 26
105 13
515 36
328 37
38 35
551 30
311 36
205 22
217 38
167 24
490 38
189 21
338 38
13 11
177 34
220 35
387 39
144 40
76 36
200 32
279 38
342 40
591 17
57 37
67 33
281 27
350 39
129 41
492 23
352 37
187 20
83 39
315 11
393 17
85 38
81 42
43 31
268 41
585 37
45 31
364 18
42 15
64 19
403 30
374 28
423 14
474 26
509 36
398 32
153 20
216 30
531 35
405 42
534 39
408 16
308 33
482 37
447 43
420 35
465 31
451 42
296 38
445 40
568 41
229 20
20 41
376 25
476 39
365 42
31 39
384 8
477 44
332 44
118 29
306 43
527 40
193 43
484 39
522 25
86 33
272 42
431 34
65 40
552 24
319 43
475 32
383 28
62 25
560 39
528 45
197 18
417 25
119 15
424 23
571 44
584 42
532 38
529 45
252 46
504 18
433 31
93 27
37 13
325 44
84 31
192 32
400 41
409 46
316 46
577 41
397 42
66 14
58 23
280 36
263 28
78 46
124 47
80 41
367 22
211 43
32 40
379 13
114 2
565 43
170 45
547 17
543 43
135 47
468 48
251 27
523 49
599 48
34 22
525 34
180 47
145 48
533 37
578 47
361 31
472 49
566 49
74 50
539 47
82 51
499 50
56 36
461 33
142 19
503 24
501 4
53 51
540 29
512 24
569 48
478 8
109 33
343 46
305 47
355 21
513 15
322 11
586 31
593 44
399 34
344 48
289 47
138 45
68 20
583 43
594 29
87 51
248 45
126 48
275 48
341 48
50 44
274 51
277 31
559 26
373 34
366 52
173 22
413 52
471 50
29 53
510 33
146 50
292 54
427 40
295 55
302 38
256 49
237 50
506 45
378 54
210 51
278 37
595 40
166 52
491 55
91 43
258 53
318 54
111 56
178 53
548 37
209 54
563 56
588 1
544 50
117 42
454 50
410 48
24 38
530 23
517 39
262 56
4 40
69 54
441 44
473 12
391 52
331 53
483 54
169 55
580 16
462 54
223 50
470 51
10 45
524 57
120 49
389 57
300 58
147 49
297 57
231 44
199 59
326 58
206 35
419 53
582 49
590 41
11 52
115 56
244 55
161 59
479 26
520 58
312 56
502 55
257 58
79 43
396 56
587 53
418 40
572 60
442 46
324 22
406 49
516 46
377 59
226 61
564 59
467 55
54 59
437 60
134 42
481 47
88 57
439 62
556 16
150 37
446 28
17 58
3 35
89 52
63 57
9 25
535 60
416 61
294 52
444 14
95 25
558 62
351 61
246 63
382 38
526 61
466 13
233 57
369 62
48 55
385 60
72 63
255 36
52 16
555 50
250 60
579 64
22 64
92 65
15 55
162 44
349 56
330 66
271 62
249 59
449 64
261 57
489 49
415 66
323 48
356 56
553 63
213 18
188 53
576 53
16 65
128 63
455 62
195 45
40 67
541 61
453 60
