Minimo	Corrida
206	57
206	283
207	26
207	924
208	100
208	117
208	365
208	378
208	412
208	651
208	699
208	874
208	997
209	28
209	185
209	217
209	253
209	254
209	267
209	305
209	360
209	377
209	400
209	417
209	557
209	585
209	594
209	604
209	615
209	647
209	666
209	703
209	769
209	841
209	864
209	969
209	970
210	2
210	8
210	11
210	15
210	16
210	38
210	49
210	82
210	112
210	157
210	196
210	272
210	286
210	289
210	320
210	342
210	414
210	419
210	440
210	465
210	468
210	470
210	471
210	476
210	535
210	561
210	579
210	593
210	598
210	620
210	662
210	665
210	671
210	679
210	758
210	811
210	826
210	856
210	870
210	904
210	928
211	33
211	48
211	70
211	76
211	86
211	118
211	122
211	132
211	141
211	142
211	144
211	165
211	172
211	182
211	208
211	211
211	212
211	228
211	242
211	261
211	301
211	338
211	376
211	404
211	436
211	438
211	461
211	473
211	480
211	489
211	499
211	502
211	509
211	527
211	541
211	545
211	555
211	556
211	562
211	610
211	618
211	639
211	645
211	653
211	678
211	681
211	704
211	710
211	728
211	730
211	755
211	782
211	814
211	832
211	849
211	850
211	859
211	873
211	875
211	916
211	925
211	932
211	936
211	938
211	946
211	948
211	973
211	998
212	1
212	5
212	35
212	37
212	42
212	44
212	47
212	54
212	58
212	64
212	80
212	99
212	103
212	108
212	136
212	137
212	139
212	149
212	152
212	158
212	162
212	189
212	192
212	197
212	198
212	202
212	207
212	209
212	216
212	220
212	222
212	245
212	255
212	264
212	275
212	296
212	300
212	304
212	316
212	329
212	334
212	337
212	340
212	347
212	353
212	357
212	361
212	366
212	368
212	375
212	380
212	386
212	395
212	397
212	406
212	421
212	424
212	425
212	428
212	441
212	444
212	445
212	452
212	462
212	466
212	477
212	517
212	521
212	523
212	531
212	546
212	549
212	559
212	560
212	567
212	571
212	580
212	582
212	583
212	603
212	611
212	613
212	616
212	638
212	641
212	648
212	658
212	661
212	668
212	672
212	674
212	680
212	685
212	701
212	726
212	727
212	740
212	754
212	756
212	781
212	785
212	790
212	818
212	821
212	838
212	852
212	854
212	860
212	868
212	869
212	880
212	896
212	906
212	918
212	926
212	939
212	949
212	950
212	959
212	966
212	971
212	977
212	982
212	987
212	999
213	0
213	4
213	13
213	23
213	29
213	31
213	43
213	45
213	56
213	60
213	61
213	63
213	67
213	68
213	73
213	75
213	88
213	104
213	109
213	113
213	114
213	154
213	156
213	161
213	168
213	175
213	186
213	194
213	195
213	199
213	204
213	233
213	234
213	259
213	268
213	273
213	274
213	288
213	295
213	303
213	308
213	311
213	321
213	324
213	335
213	336
213	341
213	354
213	362
213	363
213	372
213	382
213	387
213	393
213	398
213	427
213	453
213	475
213	481
213	486
213	495
213	500
213	501
213	506
213	508
213	512
213	515
213	522
213	530
213	532
213	537
213	548
213	550
213	551
213	552
213	587
213	607
213	627
213	628
213	631
213	634
213	644
213	652
213	659
213	673
213	691
213	695
213	713
213	721
213	723
213	724
213	725
213	733
213	735
213	737
213	744
213	749
213	757
213	774
213	780
213	799
213	802
213	808
213	817
213	820
213	824
213	825
213	830
213	833
213	836
213	848
213	865
213	871
213	920
213	956
213	960
213	978
213	980
213	994
214	3
214	7
214	9
214	12
214	18
214	19
214	21
214	22
214	50
214	53
214	69
214	71
214	81
214	85
214	90
214	107
214	115
214	116
214	120
214	131
214	133
214	145
214	151
214	153
214	160
214	164
214	167
214	179
214	180
214	184
214	203
214	210
214	214
214	223
214	224
214	230
214	235
214	248
214	249
214	251
214	256
214	266
214	280
214	284
214	290
214	292
214	294
214	299
214	307
214	310
214	312
214	318
214	322
214	323
214	326
214	331
214	332
214	351
214	358
214	359
214	373
214	379
214	383
214	385
214	409
214	411
214	418
214	420
214	422
214	443
214	456
214	458
214	483
214	487
214	491
214	539
214	540
214	563
214	573
214	575
214	576
214	578
214	599
214	606
214	608
214	612
214	614
214	617
214	619
214	622
214	629
214	650
214	654
214	657
214	663
214	664
214	667
214	684
214	688
214	702
214	707
214	714
214	732
214	739
214	741
214	743
214	751
214	752
214	753
214	760
214	762
214	765
214	773
214	776
214	777
214	789
214	794
214	795
214	804
214	806
214	813
214	816
214	839
214	840
214	847
214	857
214	858
214	862
214	867
214	872
214	876
214	889
214	898
214	905
214	921
214	927
214	929
214	935
214	937
214	940
214	944
214	952
214	953
214	963
214	964
214	974
214	975
214	981
214	986
214	988
214	989
214	992
214	995
215	17
215	24
215	25
215	34
215	36
215	39
215	55
215	66
215	74
215	89
215	91
215	92
215	95
215	97
215	98
215	110
215	111
215	119
215	123
215	124
215	127
215	130
215	140
215	148
215	150
215	174
215	176
215	178
215	181
215	183
215	219
215	225
215	226
215	227
215	229
215	231
215	239
215	246
215	250
215	257
215	260
215	263
215	271
215	278
215	317
215	319
215	327
215	330
215	339
215	343
215	345
215	346
215	348
215	349
215	350
215	355
215	367
215	369
215	370
215	384
215	388
215	391
215	408
215	413
215	415
215	430
215	434
215	435
215	442
215	446
215	449
215	450
215	455
215	463
215	482
215	485
215	494
215	507
215	511
215	514
215	520
215	524
215	536
215	538
215	553
215	558
215	564
215	581
215	589
215	591
215	596
215	605
215	624
215	630
215	640
215	642
215	656
215	669
215	677
215	689
215	692
215	698
215	709
215	715
215	716
215	718
215	729
215	731
215	734
215	767
215	779
215	788
215	791
215	792
215	797
215	801
215	829
215	837
215	842
215	844
215	846
215	853
215	855
215	861
215	883
215	886
215	890
215	895
215	899
215	908
215	913
215	915
215	917
215	922
215	942
215	943
215	945
215	951
215	954
215	961
215	983
215	990
216	10
216	20
216	27
216	72
216	77
216	79
216	83
216	94
216	101
216	102
216	121
216	135
216	138
216	143
216	147
216	155
216	159
216	163
216	170
216	171
216	190
216	191
216	213
216	221
216	236
216	241
216	244
216	247
216	252
216	285
216	287
216	291
216	293
216	302
216	306
216	313
216	315
216	333
216	344
216	352
216	356
216	374
216	389
216	394
216	396
216	410
216	423
216	429
216	433
216	439
216	457
216	459
216	460
216	472
216	478
216	492
216	493
216	498
216	505
216	513
216	518
216	525
216	526
216	528
216	533
216	534
216	542
216	544
216	565
216	568
216	569
216	574
216	577
216	597
216	602
216	623
216	625
216	626
216	632
216	637
216	646
216	660
216	670
216	676
216	686
216	694
216	697
216	711
216	719
216	736
216	738
216	745
216	746
216	747
216	770
216	771
216	775
216	784
216	800
216	805
216	810
216	815
216	828
216	831
216	845
216	851
216	863
216	877
216	881
216	882
216	884
216	900
216	902
216	907
216	912
216	914
216	923
216	933
216	941
216	947
216	965
216	968
216	985
216	991
216	993
216	996
217	6
217	14
217	30
217	40
217	41
217	62
217	65
217	84
217	96
217	106
217	128
217	129
217	146
217	173
217	187
217	193
217	201
217	218
217	232
217	238
217	240
217	262
217	277
217	279
217	282
217	325
217	328
217	364
217	371
217	390
217	402
217	405
217	431
217	447
217	448
217	479
217	484
217	490
217	497
217	503
217	504
217	516
217	547
217	566
217	572
217	588
217	600
217	601
217	621
217	633
217	649
217	682
217	690
217	696
217	706
217	708
217	717
217	720
217	722
217	748
217	750
217	759
217	761
217	764
217	778
217	786
217	787
217	796
217	807
217	809
217	822
217	827
217	834
217	835
217	879
217	885
217	887
217	891
217	911
217	919
217	930
217	931
217	934
217	967
217	976
217	979
217	984
218	59
218	78
218	125
218	126
218	188
218	200
218	206
218	237
218	243
218	258
218	265
218	269
218	276
218	281
218	297
218	298
218	314
218	381
218	401
218	416
218	426
218	437
218	454
218	467
218	469
218	474
218	488
218	510
218	529
218	570
218	584
218	609
218	635
218	636
218	655
218	675
218	683
218	687
218	693
218	705
218	742
218	766
218	772
218	783
218	793
218	812
218	819
218	843
218	878
218	888
218	894
218	897
218	903
218	910
218	957
218	962
219	32
219	46
219	51
219	52
219	105
219	134
219	177
219	205
219	270
219	309
219	392
219	399
219	403
219	407
219	432
219	451
219	543
219	554
219	586
219	592
219	643
219	700
219	768
219	803
219	823
219	892
219	893
219	901
219	909
219	955
219	958
219	972
220	93
220	169
220	590
220	595
220	763
220	866
221	87
221	166
221	215
221	519
221	712
221	798
222	464
222	496
