Minimo	Corrida
99	337
99	471
99	765
99	794
100	83
100	128
100	155
100	254
100	260
100	294
100	324
100	329
100	430
100	461
100	487
100	517
100	636
100	662
100	691
100	858
100	878
100	889
100	909
100	945
100	961
100	969
100	994
101	1
101	11
101	13
101	20
101	26
101	36
101	38
101	69
101	89
101	109
101	127
101	140
101	158
101	166
101	203
101	213
101	221
101	232
101	238
101	241
101	244
101	253
101	259
101	278
101	323
101	358
101	363
101	365
101	393
101	395
101	423
101	436
101	446
101	450
101	473
101	476
101	490
101	522
101	555
101	574
101	598
101	629
101	660
101	703
101	708
101	711
101	732
101	744
101	752
101	762
101	769
101	825
101	857
101	905
101	915
101	919
101	925
101	956
101	960
102	4
102	12
102	17
102	21
102	35
102	37
102	41
102	45
102	47
102	80
102	85
102	87
102	92
102	105
102	111
102	113
102	116
102	119
102	138
102	141
102	142
102	148
102	151
102	157
102	159
102	160
102	165
102	169
102	174
102	175
102	176
102	179
102	187
102	202
102	207
102	209
102	211
102	214
102	215
102	219
102	234
102	235
102	239
102	240
102	261
102	267
102	268
102	272
102	277
102	293
102	304
102	313
102	314
102	320
102	327
102	331
102	334
102	339
102	343
102	351
102	355
102	364
102	368
102	377
102	379
102	399
102	401
102	407
102	411
102	414
102	416
102	417
102	420
102	425
102	433
102	437
102	439
102	442
102	444
102	451
102	455
102	458
102	468
102	475
102	481
102	499
102	505
102	510
102	512
102	516
102	519
102	520
102	523
102	528
102	530
102	543
102	544
102	550
102	552
102	566
102	570
102	576
102	589
102	593
102	597
102	601
102	606
102	607
102	610
102	612
102	613
102	616
102	618
102	623
102	624
102	625
102	628
102	634
102	637
102	645
102	661
102	669
102	676
102	678
102	684
102	688
102	690
102	699
102	701
102	707
102	710
102	716
102	718
102	721
102	734
102	742
102	749
102	757
102	759
102	760
102	764
102	782
102	788
102	789
102	796
102	803
102	807
102	812
102	821
102	822
102	824
102	828
102	839
102	840
102	844
102	846
102	851
102	856
102	861
102	864
102	866
102	868
102	874
102	876
102	897
102	898
102	903
102	906
102	907
102	917
102	923
102	930
102	936
102	939
102	959
102	967
102	970
102	972
102	978
102	985
102	992
102	999
103	0
103	6
103	9
103	16
103	19
103	22
103	23
103	29
103	30
103	33
103	34
103	46
103	52
103	56
103	63
103	64
103	67
103	68
103	71
103	77
103	78
103	82
103	84
103	91
103	94
103	97
103	102
103	107
103	110
103	112
103	115
103	121
103	122
103	125
103	126
103	133
103	134
103	144
103	145
103	147
103	149
103	154
103	156
103	167
103	172
103	181
103	185
103	186
103	188
103	192
103	194
103	195
103	204
103	206
103	212
103	223
103	227
103	230
103	231
103	251
103	256
103	257
103	264
103	265
103	266
103	269
103	271
103	274
103	281
103	282
103	284
103	286
103	289
103	290
103	292
103	297
103	302
103	303
103	326
103	333
103	342
103	345
103	349
103	354
103	357
103	360
103	361
103	362
103	373
103	376
103	378
103	381
103	382
103	386
103	389
103	390
103	396
103	398
103	402
103	405
103	406
103	410
103	413
103	419
103	422
103	427
103	431
103	432
103	438
103	440
103	460
103	462
103	463
103	466
103	474
103	479
103	482
103	483
103	486
103	488
103	496
103	497
103	503
103	508
103	514
103	518
103	524
103	526
103	531
103	533
103	535
103	537
103	546
103	547
103	553
103	560
103	564
103	567
103	569
103	575
103	577
103	578
103	584
103	586
103	588
103	591
103	592
103	594
103	614
103	626
103	631
103	638
103	641
103	644
103	650
103	651
103	655
103	656
103	657
103	673
103	679
103	681
103	683
103	695
103	697
103	704
103	705
103	709
103	717
103	719
103	720
103	723
103	724
103	730
103	735
103	738
103	740
103	747
103	748
103	751
103	754
103	755
103	756
103	758
103	761
103	763
103	768
103	770
103	771
103	772
103	779
103	780
103	783
103	797
103	799
103	800
103	801
103	805
103	806
103	810
103	813
103	818
103	820
103	823
103	827
103	829
103	830
103	832
103	834
103	835
103	841
103	842
103	845
103	848
103	852
103	865
103	872
103	875
103	881
103	886
103	887
103	894
103	895
103	896
103	899
103	900
103	910
103	913
103	914
103	918
103	921
103	922
103	924
103	932
103	933
103	941
103	946
103	955
103	957
103	963
103	964
103	965
103	973
103	975
103	977
103	980
103	991
103	995
103	998
104	3
104	7
104	8
104	14
104	15
104	18
104	24
104	25
104	27
104	39
104	40
104	48
104	49
104	50
104	51
104	54
104	55
104	57
104	59
104	61
104	62
104	65
104	66
104	72
104	73
104	74
104	75
104	79
104	86
104	90
104	93
104	101
104	103
104	104
104	106
104	114
104	118
104	124
104	132
104	135
104	136
104	146
104	152
104	153
104	161
104	163
104	170
104	173
104	177
104	180
104	183
104	184
104	189
104	196
104	201
104	205
104	208
104	210
104	217
104	218
104	220
104	222
104	242
104	243
104	245
104	247
104	249
104	250
104	252
104	258
104	263
104	270
104	273
104	275
104	279
104	291
104	296
104	298
104	299
104	300
104	301
104	309
104	311
104	315
104	316
104	317
104	321
104	325
104	330
104	338
104	346
104	347
104	352
104	366
104	369
104	370
104	371
104	372
104	374
104	380
104	384
104	387
104	388
104	391
104	397
104	403
104	404
104	408
104	415
104	418
104	424
104	429
104	434
104	435
104	441
104	443
104	445
104	453
104	454
104	459
104	464
104	467
104	472
104	477
104	478
104	480
104	484
104	493
104	494
104	498
104	502
104	504
104	509
104	513
104	515
104	527
104	529
104	534
104	536
104	541
104	542
104	545
104	549
104	551
104	562
104	571
104	573
104	579
104	580
104	581
104	582
104	583
104	585
104	587
104	590
104	596
104	599
104	605
104	608
104	609
104	617
104	619
104	620
104	622
104	627
104	630
104	633
104	639
104	640
104	642
104	646
104	647
104	648
104	649
104	653
104	654
104	659
104	663
104	664
104	667
104	668
104	671
104	672
104	675
104	682
104	685
104	696
104	698
104	706
104	712
104	714
104	715
104	725
104	727
104	728
104	731
104	739
104	745
104	746
104	750
104	753
104	767
104	773
104	774
104	784
104	785
104	786
104	787
104	793
104	795
104	804
104	808
104	809
104	814
104	817
104	819
104	826
104	831
104	833
104	853
104	854
104	859
104	867
104	870
104	871
104	880
104	882
104	884
104	885
104	888
104	892
104	901
104	902
104	904
104	908
104	911
104	928
104	929
104	934
104	942
104	943
104	944
104	948
104	949
104	950
104	952
104	954
104	976
104	981
104	983
104	986
104	987
104	989
104	990
104	997
105	2
105	10
105	32
105	43
105	44
105	58
105	70
105	81
105	95
105	98
105	99
105	100
105	108
105	117
105	120
105	123
105	129
105	131
105	139
105	143
105	162
105	164
105	171
105	178
105	191
105	193
105	197
105	198
105	199
105	216
105	224
105	225
105	226
105	229
105	233
105	236
105	246
105	248
105	255
105	262
105	283
105	285
105	288
105	295
105	305
105	307
105	310
105	312
105	318
105	322
105	335
105	336
105	341
105	348
105	359
105	367
105	375
105	383
105	385
105	392
105	394
105	400
105	409
105	412
105	421
105	428
105	447
105	448
105	449
105	452
105	456
105	457
105	470
105	489
105	492
105	506
105	507
105	511
105	521
105	525
105	532
105	538
105	540
105	548
105	556
105	557
105	558
105	559
105	561
105	563
105	568
105	572
105	595
105	602
105	604
105	643
105	652
105	670
105	677
105	680
105	686
105	689
105	692
105	693
105	694
105	722
105	736
105	743
105	781
105	790
105	792
105	798
105	811
105	815
105	816
105	838
105	843
105	847
105	850
105	860
105	863
105	873
105	877
105	883
105	891
105	893
105	920
105	926
105	927
105	935
105	937
105	938
105	940
105	947
105	951
105	953
105	962
105	966
105	968
105	971
105	974
105	984
106	28
106	76
106	88
106	96
106	130
106	137
106	150
106	168
106	182
106	190
106	200
106	228
106	237
106	276
106	280
106	287
106	306
106	319
106	328
106	332
106	340
106	350
106	353
106	426
106	465
106	469
106	491
106	495
106	500
106	501
106	554
106	565
106	600
106	603
106	611
106	615
106	632
106	635
106	658
106	665
106	666
106	674
106	700
106	702
106	713
106	726
106	733
106	737
106	741
106	766
106	775
106	776
106	777
106	778
106	791
106	802
106	836
106	837
106	855
106	862
106	869
106	890
106	916
106	931
106	958
106	979
106	988
106	993
106	996
107	5
107	31
107	42
107	53
107	308
107	344
107	356
107	539
107	729
107	849
107	879
107	912
107	982
108	60
108	485
108	621
109	687
