Minimo	Corrida
63	151
64	40
64	99
64	148
64	323
64	447
64	466
64	505
64	551
64	786
64	951
65	9
65	12
65	15
65	24
65	37
65	42
65	54
65	65
65	67
65	76
65	81
65	90
65	95
65	110
65	119
65	158
65	173
65	182
65	186
65	191
65	193
65	196
65	202
65	204
65	210
65	212
65	217
65	220
65	223
65	226
65	233
65	236
65	243
65	248
65	254
65	261
65	263
65	289
65	298
65	318
65	320
65	322
65	345
65	354
65	355
65	359
65	377
65	379
65	384
65	405
65	407
65	408
65	415
65	420
65	434
65	442
65	458
65	465
65	468
65	469
65	487
65	506
65	515
65	539
65	542
65	549
65	560
65	561
65	578
65	579
65	583
65	585
65	595
65	611
65	619
65	633
65	641
65	667
65	688
65	706
65	714
65	745
65	766
65	779
65	789
65	797
65	798
65	799
65	802
65	822
65	836
65	842
65	853
65	857
65	862
65	887
65	894
65	899
65	902
65	905
65	934
65	941
65	944
65	946
65	953
65	955
65	976
65	983
66	2
66	8
66	10
66	13
66	18
66	21
66	23
66	25
66	26
66	28
66	38
66	50
66	52
66	53
66	55
66	57
66	58
66	59
66	61
66	63
66	68
66	77
66	83
66	98
66	100
66	102
66	106
66	115
66	121
66	130
66	135
66	143
66	147
66	156
66	157
66	164
66	165
66	167
66	177
66	179
66	183
66	184
66	197
66	198
66	207
66	211
66	213
66	215
66	228
66	229
66	231
66	232
66	242
66	262
66	268
66	270
66	273
66	274
66	276
66	278
66	279
66	282
66	283
66	284
66	292
66	294
66	296
66	301
66	309
66	310
66	311
66	313
66	317
66	319
66	324
66	329
66	333
66	334
66	340
66	341
66	346
66	347
66	348
66	351
66	353
66	357
66	363
66	365
66	367
66	369
66	374
66	376
66	387
66	389
66	394
66	406
66	409
66	410
66	418
66	422
66	424
66	429
66	430
66	431
66	432
66	436
66	439
66	452
66	454
66	455
66	461
66	462
66	463
66	472
66	475
66	476
66	478
66	479
66	480
66	483
66	485
66	486
66	494
66	504
66	507
66	510
66	511
66	514
66	516
66	517
66	519
66	521
66	522
66	524
66	525
66	526
66	527
66	528
66	531
66	535
66	538
66	548
66	554
66	559
66	564
66	569
66	570
66	581
66	582
66	584
66	587
66	591
66	594
66	596
66	598
66	609
66	612
66	614
66	615
66	618
66	620
66	622
66	628
66	637
66	643
66	644
66	646
66	649
66	652
66	654
66	657
66	659
66	660
66	666
66	668
66	670
66	672
66	677
66	679
66	680
66	682
66	685
66	691
66	696
66	698
66	699
66	700
66	702
66	704
66	705
66	709
66	710
66	712
66	716
66	718
66	719
66	721
66	722
66	723
66	726
66	728
66	730
66	731
66	734
66	736
66	737
66	738
66	741
66	744
66	747
66	750
66	751
66	753
66	754
66	755
66	761
66	763
66	764
66	771
66	781
66	783
66	787
66	793
66	800
66	801
66	808
66	812
66	814
66	827
66	830
66	835
66	841
66	846
66	850
66	854
66	855
66	861
66	863
66	864
66	868
66	871
66	872
66	877
66	881
66	882
66	884
66	888
66	890
66	891
66	892
66	893
66	896
66	898
66	900
66	909
66	913
66	916
66	919
66	924
66	925
66	926
66	933
66	937
66	938
66	945
66	950
66	952
66	957
66	959
66	964
66	977
66	985
66	988
66	992
66	994
66	997
66	998
67	0
67	3
67	4
67	6
67	7
67	14
67	16
67	17
67	19
67	20
67	22
67	27
67	29
67	31
67	33
67	34
67	35
67	36
67	39
67	43
67	44
67	45
67	47
67	48
67	49
67	62
67	64
67	66
67	71
67	74
67	79
67	82
67	87
67	88
67	89
67	93
67	96
67	101
67	103
67	104
67	105
67	107
67	108
67	109
67	111
67	116
67	120
67	123
67	124
67	125
67	126
67	127
67	129
67	134
67	136
67	137
67	140
67	141
67	142
67	149
67	150
67	154
67	155
67	159
67	160
67	162
67	163
67	168
67	169
67	171
67	172
67	174
67	175
67	176
67	185
67	188
67	190
67	195
67	199
67	200
67	201
67	203
67	206
67	219
67	221
67	224
67	230
67	235
67	240
67	241
67	244
67	245
67	246
67	247
67	252
67	255
67	256
67	257
67	259
67	265
67	266
67	267
67	271
67	275
67	285
67	287
67	288
67	290
67	291
67	295
67	299
67	300
67	302
67	303
67	304
67	305
67	306
67	308
67	312
67	315
67	316
67	326
67	327
67	330
67	332
67	336
67	337
67	342
67	343
67	344
67	350
67	352
67	356
67	358
67	361
67	362
67	364
67	368
67	371
67	372
67	373
67	378
67	380
67	382
67	383
67	385
67	390
67	391
67	401
67	402
67	403
67	404
67	411
67	412
67	413
67	419
67	426
67	438
67	441
67	443
67	444
67	445
67	450
67	453
67	456
67	457
67	464
67	467
67	470
67	471
67	473
67	474
67	477
67	488
67	491
67	492
67	493
67	495
67	496
67	497
67	498
67	499
67	502
67	503
67	508
67	509
67	520
67	532
67	534
67	536
67	537
67	540
67	541
67	544
67	545
67	546
67	552
67	553
67	556
67	557
67	562
67	565
67	566
67	567
67	568
67	572
67	573
67	575
67	576
67	577
67	590
67	592
67	599
67	600
67	601
67	603
67	606
67	608
67	613
67	617
67	621
67	623
67	624
67	626
67	629
67	631
67	632
67	634
67	635
67	636
67	640
67	645
67	647
67	650
67	651
67	653
67	655
67	656
67	658
67	663
67	664
67	669
67	671
67	673
67	674
67	675
67	676
67	678
67	686
67	690
67	701
67	707
67	708
67	713
67	715
67	717
67	720
67	725
67	729
67	733
67	739
67	740
67	742
67	748
67	752
67	756
67	757
67	758
67	759
67	760
67	762
67	768
67	769
67	774
67	775
67	776
67	778
67	780
67	785
67	790
67	792
67	795
67	796
67	803
67	804
67	805
67	807
67	810
67	815
67	816
67	818
67	820
67	824
67	825
67	826
67	829
67	831
67	832
67	833
67	838
67	840
67	843
67	844
67	845
67	851
67	852
67	856
67	858
67	859
67	860
67	865
67	866
67	869
67	873
67	876
67	880
67	895
67	903
67	906
67	907
67	908
67	912
67	914
67	915
67	917
67	918
67	920
67	923
67	929
67	930
67	931
67	935
67	936
67	939
67	940
67	943
67	948
67	954
67	956
67	960
67	961
67	962
67	966
67	969
67	970
67	972
67	974
67	975
67	979
67	981
67	982
67	986
67	989
67	993
67	995
68	1
68	5
68	11
68	41
68	60
68	69
68	72
68	85
68	86
68	97
68	113
68	117
68	118
68	122
68	128
68	131
68	132
68	133
68	138
68	144
68	145
68	146
68	152
68	161
68	180
68	181
68	187
68	189
68	194
68	205
68	214
68	218
68	222
68	227
68	237
68	238
68	239
68	249
68	250
68	251
68	253
68	258
68	260
68	272
68	277
68	280
68	281
68	286
68	293
68	297
68	307
68	314
68	321
68	325
68	328
68	331
68	335
68	338
68	339
68	349
68	360
68	366
68	381
68	386
68	388
68	392
68	393
68	395
68	397
68	398
68	399
68	400
68	414
68	416
68	423
68	425
68	433
68	435
68	437
68	440
68	446
68	448
68	449
68	451
68	482
68	489
68	490
68	500
68	512
68	513
68	518
68	523
68	529
68	530
68	547
68	550
68	555
68	558
68	563
68	571
68	580
68	586
68	588
68	589
68	593
68	602
68	604
68	605
68	607
68	610
68	616
68	625
68	630
68	638
68	639
68	642
68	648
68	662
68	665
68	681
68	683
68	684
68	687
68	692
68	693
68	694
68	695
68	697
68	703
68	711
68	724
68	727
68	732
68	735
68	743
68	749
68	767
68	770
68	772
68	773
68	777
68	782
68	788
68	794
68	809
68	813
68	817
68	819
68	821
68	823
68	828
68	837
68	839
68	847
68	849
68	870
68	874
68	875
68	878
68	879
68	883
68	885
68	886
68	889
68	897
68	901
68	904
68	910
68	911
68	921
68	932
68	942
68	947
68	949
68	958
68	963
68	965
68	967
68	968
68	971
68	973
68	978
68	980
68	984
68	987
68	990
68	991
68	996
69	30
69	32
69	46
69	51
69	56
69	70
69	73
69	75
69	78
69	80
69	84
69	91
69	92
69	112
69	114
69	139
69	153
69	170
69	178
69	208
69	209
69	216
69	225
69	234
69	264
69	269
69	370
69	375
69	396
69	417
69	421
69	427
69	428
69	459
69	460
69	481
69	484
69	501
69	533
69	574
69	597
69	627
69	661
69	689
69	765
69	784
69	791
69	848
69	867
69	922
69	927
69	999
70	94
70	166
70	192
70	543
70	746
70	806
70	811
70	834
70	928
