Minimo	Corrida
334	397
334	664
334	718
335	4
335	6
335	7
335	11
335	21
335	36
335	52
335	75
335	115
335	136
335	147
335	174
335	184
335	224
335	244
335	257
335	268
335	305
335	317
335	343
335	367
335	419
335	462
335	471
335	495
335	514
335	574
335	592
335	606
335	612
335	624
335	678
335	697
335	725
335	729
335	737
335	738
335	749
335	754
335	777
335	789
335	827
335	845
335	863
335	919
335	950
335	982
336	8
336	9
336	13
336	37
336	57
336	58
336	60
336	63
336	67
336	69
336	113
336	124
336	134
336	142
336	148
336	151
336	152
336	162
336	165
336	167
336	172
336	173
336	185
336	187
336	191
336	192
336	199
336	201
336	232
336	241
336	245
336	252
336	254
336	258
336	263
336	275
336	277
336	278
336	284
336	308
336	316
336	329
336	333
336	344
336	357
336	368
336	376
336	382
336	383
336	389
336	394
336	399
336	404
336	417
336	425
336	427
336	428
336	430
336	437
336	446
336	449
336	457
336	465
336	473
336	475
336	478
336	486
336	489
336	491
336	494
336	500
336	511
336	519
336	520
336	521
336	525
336	529
336	531
336	533
336	537
336	538
336	549
336	560
336	580
336	586
336	604
336	619
336	620
336	622
336	627
336	640
336	641
336	643
336	644
336	647
336	648
336	657
336	662
336	665
336	667
336	681
336	701
336	703
336	712
336	714
336	722
336	740
336	769
336	773
336	775
336	776
336	780
336	786
336	787
336	812
336	814
336	826
336	840
336	843
336	844
336	850
336	852
336	855
336	869
336	889
336	902
336	904
336	909
336	913
336	926
336	930
336	941
336	945
336	947
336	949
336	952
336	953
336	974
336	976
336	978
336	984
336	995
337	5
337	12
337	14
337	15
337	17
337	19
337	20
337	26
337	28
337	29
337	30
337	31
337	35
337	39
337	44
337	45
337	47
337	50
337	61
337	62
337	68
337	73
337	77
337	80
337	83
337	87
337	88
337	93
337	96
337	104
337	105
337	109
337	112
337	114
337	126
337	127
337	128
337	133
337	145
337	154
337	159
337	163
337	164
337	166
337	168
337	179
337	183
337	198
337	200
337	205
337	208
337	218
337	222
337	227
337	228
337	230
337	235
337	237
337	248
337	256
337	259
337	269
337	274
337	280
337	286
337	288
337	293
337	294
337	295
337	299
337	301
337	306
337	310
337	314
337	318
337	335
337	345
337	347
337	355
337	356
337	359
337	366
337	370
337	371
337	373
337	380
337	390
337	395
337	401
337	403
337	408
337	414
337	439
337	441
337	450
337	452
337	458
337	460
337	463
337	466
337	472
337	476
337	481
337	496
337	499
337	504
337	517
337	518
337	523
337	527
337	540
337	546
337	547
337	548
337	552
337	553
337	555
337	564
337	565
337	567
337	572
337	577
337	585
337	589
337	590
337	595
337	598
337	602
337	609
337	611
337	621
337	632
337	633
337	651
337	653
337	663
337	672
337	675
337	684
337	689
337	690
337	704
337	705
337	719
337	723
337	726
337	730
337	732
337	734
337	743
337	744
337	745
337	751
337	752
337	760
337	763
337	768
337	778
337	784
337	785
337	792
337	798
337	801
337	813
337	816
337	821
337	828
337	832
337	836
337	837
337	842
337	847
337	853
337	866
337	868
337	873
337	874
337	879
337	883
337	895
337	900
337	901
337	905
337	911
337	920
337	923
337	924
337	925
337	946
337	955
337	956
337	986
337	990
337	994
338	2
338	10
338	25
338	33
338	43
338	56
338	65
338	72
338	76
338	78
338	86
338	92
338	94
338	102
338	103
338	110
338	120
338	123
338	125
338	135
338	150
338	153
338	156
338	161
338	175
338	178
338	193
338	196
338	206
338	211
338	212
338	214
338	219
338	221
338	226
338	229
338	231
338	234
338	236
338	238
338	240
338	246
338	247
338	255
338	260
338	265
338	272
338	276
338	279
338	285
338	287
338	289
338	290
338	298
338	302
338	309
338	312
338	315
338	320
338	321
338	323
338	325
338	331
338	332
338	336
338	338
338	346
338	351
338	352
338	369
338	372
338	378
338	381
338	384
338	385
338	387
338	391
338	398
338	402
338	409
338	412
338	415
338	416
338	418
338	431
338	433
338	436
338	440
338	445
338	448
338	451
338	455
338	467
338	468
338	469
338	480
338	482
338	485
338	488
338	490
338	497
338	505
338	506
338	509
338	513
338	532
338	534
338	536
338	544
338	551
338	562
338	563
338	571
338	576
338	581
338	583
338	584
338	587
338	591
338	593
338	599
338	601
338	603
338	605
338	610
338	614
338	616
338	617
338	618
338	625
338	626
338	630
338	635
338	638
338	646
338	649
338	655
338	659
338	660
338	668
338	677
338	682
338	686
338	687
338	688
338	691
338	693
338	694
338	699
338	702
338	709
338	727
338	728
338	736
338	742
338	746
338	753
338	758
338	765
338	766
338	767
338	770
338	774
338	790
338	794
338	795
338	796
338	797
338	799
338	802
338	803
338	804
338	805
338	809
338	817
338	818
338	819
338	825
338	830
338	831
338	833
338	841
338	846
338	849
338	851
338	857
338	858
338	859
338	872
338	878
338	882
338	887
338	890
338	898
338	908
338	912
338	914
338	915
338	922
338	933
338	934
338	937
338	938
338	939
338	942
338	948
338	954
338	958
338	961
338	969
338	971
338	977
338	989
338	991
338	993
339	27
339	32
339	46
339	51
339	54
339	59
339	70
339	79
339	90
339	97
339	98
339	107
339	119
339	121
339	129
339	130
339	138
339	139
339	146
339	149
339	155
339	158
339	160
339	169
339	176
339	177
339	180
339	194
339	195
339	197
339	203
339	209
339	210
339	215
339	216
339	217
339	220
339	223
339	233
339	250
339	262
339	264
339	271
339	292
339	297
339	300
339	303
339	324
339	326
339	327
339	341
339	349
339	353
339	358
339	361
339	362
339	377
339	386
339	388
339	392
339	406
339	407
339	410
339	411
339	422
339	435
339	442
339	444
339	459
339	461
339	470
339	477
339	483
339	484
339	492
339	493
339	498
339	502
339	507
339	510
339	524
339	526
339	530
339	539
339	541
339	542
339	545
339	556
339	557
339	558
339	559
339	566
339	568
339	570
339	573
339	578
339	579
339	582
339	600
339	615
339	628
339	634
339	637
339	639
339	645
339	650
339	654
339	656
339	658
339	661
339	669
339	671
339	676
339	685
339	696
339	710
339	720
339	721
339	733
339	735
339	748
339	759
339	761
339	781
339	791
339	793
339	808
339	810
339	811
339	815
339	820
339	823
339	838
339	854
339	865
339	875
339	880
339	884
339	886
339	894
339	896
339	907
339	910
339	921
339	928
339	929
339	932
339	935
339	936
339	943
339	944
339	957
339	962
339	963
339	966
339	968
339	987
339	988
339	996
339	997
340	0
340	3
340	22
340	23
340	24
340	34
340	41
340	48
340	49
340	55
340	81
340	82
340	91
340	95
340	99
340	100
340	106
340	111
340	116
340	117
340	131
340	132
340	137
340	141
340	182
340	188
340	189
340	204
340	213
340	239
340	251
340	270
340	281
340	304
340	311
340	313
340	319
340	330
340	342
340	348
340	354
340	363
340	364
340	423
340	432
340	443
340	454
340	464
340	474
340	503
340	508
340	516
340	535
340	543
340	550
340	561
340	569
340	596
340	597
340	607
340	636
340	642
340	666
340	670
340	674
340	679
340	680
340	692
340	698
340	708
340	711
340	715
340	716
340	724
340	741
340	747
340	750
340	756
340	757
340	772
340	779
340	782
340	806
340	807
340	829
340	834
340	861
340	862
340	870
340	871
340	876
340	877
340	888
340	892
340	903
340	916
340	918
340	927
340	951
340	964
340	970
340	973
340	975
340	979
340	981
340	983
340	985
340	998
341	38
341	40
341	74
341	84
341	101
341	118
341	140
341	144
341	157
341	171
341	202
341	207
341	225
341	242
341	243
341	249
341	253
341	261
341	266
341	267
341	273
341	282
341	296
341	307
341	322
341	337
341	365
341	375
341	379
341	396
341	405
341	413
341	421
341	447
341	479
341	487
341	522
341	528
341	588
341	594
341	608
341	623
341	629
341	652
341	683
341	700
341	717
341	731
341	762
341	783
341	822
341	839
341	848
341	856
341	867
341	891
341	893
341	897
341	899
341	906
341	917
341	972
342	16
342	18
342	53
342	85
342	170
342	283
342	291
342	340
342	360
342	420
342	424
342	426
342	429
342	434
342	438
342	453
342	456
342	501
342	613
342	631
342	706
342	713
342	739
342	764
342	771
342	788
342	835
342	864
342	931
342	959
342	960
342	967
342	992
343	42
343	64
343	66
343	71
343	89
343	108
343	122
343	143
343	181
343	186
343	190
343	339
343	374
343	554
343	575
343	673
343	695
343	707
343	800
343	881
343	885
343	940
343	980
343	999
344	350
344	393
344	400
344	860
344	965
345	1
345	328
345	334
346	512
346	824
347	515
347	755
