Minimo	Corrida
500	0
500	24
500	51
500	86
500	134
500	155
500	212
500	239
500	316
500	485
500	501
500	505
500	546
500	560
500	598
500	663
500	731
500	755
500	806
500	992
501	1
501	5
501	13
501	14
501	15
501	26
501	33
501	36
501	42
501	44
501	48
501	50
501	55
501	56
501	57
501	64
501	65
501	73
501	75
501	82
501	85
501	89
501	94
501	103
501	116
501	120
501	123
501	128
501	131
501	136
501	137
501	139
501	141
501	150
501	154
501	160
501	161
501	165
501	168
501	183
501	188
501	190
501	196
501	198
501	200
501	211
501	222
501	226
501	238
501	246
501	258
501	270
501	272
501	276
501	277
501	289
501	290
501	292
501	294
501	295
501	300
501	307
501	308
501	319
501	320
501	323
501	325
501	329
501	337
501	340
501	341
501	342
501	348
501	358
501	364
501	370
501	371
501	372
501	380
501	381
501	382
501	383
501	390
501	391
501	394
501	397
501	399
501	400
501	401
501	404
501	407
501	409
501	412
501	413
501	414
501	420
501	427
501	429
501	430
501	432
501	433
501	439
501	440
501	441
501	456
501	463
501	467
501	468
501	473
501	474
501	476
501	487
501	499
501	500
501	502
501	518
501	519
501	525
501	528
501	534
501	536
501	539
501	551
501	558
501	569
501	570
501	573
501	574
501	577
501	579
501	582
501	583
501	587
501	593
501	594
501	595
501	600
501	601
501	602
501	603
501	608
501	621
501	627
501	629
501	630
501	632
501	637
501	638
501	642
501	645
501	646
501	651
501	659
501	664
501	665
501	667
501	672
501	674
501	678
501	680
501	692
501	693
501	695
501	697
501	704
501	716
501	717
501	719
501	722
501	738
501	747
501	752
501	754
501	758
501	766
501	781
501	787
501	788
501	796
501	798
501	802
501	803
501	804
501	808
501	812
501	813
501	815
501	822
501	842
501	856
501	859
501	864
501	867
501	869
501	879
501	882
501	886
501	889
501	890
501	891
501	892
501	897
501	903
501	906
501	907
501	910
501	912
501	920
501	924
501	926
501	930
501	931
501	935
501	936
501	938
501	939
501	942
501	944
501	945
501	946
501	953
501	955
501	963
501	964
501	968
501	970
501	971
501	974
501	978
501	979
501	987
501	991
501	993
501	996
502	2
502	3
502	4
502	8
502	9
502	18
502	19
502	20
502	21
502	28
502	30
502	34
502	37
502	40
502	41
502	45
502	52
502	59
502	61
502	69
502	70
502	74
502	79
502	81
502	92
502	95
502	96
502	98
502	99
502	102
502	108
502	109
502	111
502	113
502	117
502	119
502	122
502	124
502	125
502	126
502	129
502	132
502	140
502	145
502	146
502	147
502	148
502	152
502	156
502	157
502	163
502	166
502	167
502	169
502	173
502	181
502	191
502	193
502	194
502	195
502	197
502	204
502	205
502	207
502	208
502	210
502	218
502	220
502	221
502	229
502	230
502	236
502	237
502	240
502	247
502	256
502	259
502	264
502	265
502	266
502	274
502	281
502	297
502	298
502	299
502	301
502	302
502	304
502	306
502	309
502	314
502	315
502	321
502	324
502	332
502	333
502	334
502	336
502	343
502	344
502	345
502	347
502	357
502	368
502	377
502	384
502	386
502	388
502	392
502	393
502	405
502	411
502	419
502	425
502	428
502	458
502	460
502	461
502	469
502	471
502	475
502	488
502	489
502	490
502	491
502	494
502	495
502	496
502	497
502	504
502	507
502	513
502	515
502	516
502	517
502	521
502	531
502	532
502	533
502	535
502	545
502	547
502	550
502	552
502	554
502	556
502	559
502	561
502	567
502	572
502	589
502	592
502	596
502	599
502	604
502	605
502	609
502	610
502	611
502	614
502	617
502	624
502	625
502	626
502	633
502	644
502	650
502	653
502	655
502	657
502	658
502	668
502	669
502	673
502	675
502	682
502	683
502	688
502	689
502	690
502	694
502	705
502	710
502	712
502	715
502	728
502	729
502	732
502	734
502	735
502	739
502	740
502	741
502	745
502	746
502	748
502	749
502	750
502	751
502	759
502	760
502	763
502	764
502	767
502	769
502	774
502	777
502	778
502	785
502	792
502	794
502	801
502	809
502	811
502	814
502	816
502	823
502	831
502	833
502	843
502	848
502	849
502	850
502	853
502	858
502	861
502	865
502	866
502	868
502	871
502	872
502	873
502	878
502	885
502	887
502	894
502	895
502	898
502	899
502	900
502	902
502	904
502	905
502	913
502	914
502	922
502	925
502	927
502	928
502	932
502	933
502	937
502	941
502	947
502	948
502	951
502	954
502	956
502	960
502	965
502	967
502	969
502	972
502	973
502	975
502	976
502	985
502	989
502	998
503	6
503	7
503	10
503	12
503	27
503	31
503	35
503	39
503	43
503	49
503	54
503	76
503	78
503	83
503	93
503	97
503	101
503	110
503	114
503	118
503	121
503	138
503	149
503	151
503	158
503	159
503	162
503	164
503	170
503	174
503	175
503	177
503	178
503	180
503	182
503	186
503	187
503	202
503	203
503	206
503	209
503	214
503	216
503	217
503	223
503	224
503	231
503	233
503	235
503	242
503	245
503	248
503	250
503	251
503	252
503	255
503	257
503	262
503	268
503	269
503	279
503	283
503	287
503	288
503	291
503	305
503	317
503	327
503	330
503	331
503	338
503	339
503	346
503	349
503	351
503	359
503	360
503	361
503	362
503	365
503	366
503	367
503	373
503	378
503	379
503	387
503	389
503	408
503	418
503	424
503	435
503	437
503	438
503	443
503	445
503	447
503	452
503	453
503	457
503	465
503	477
503	483
503	484
503	486
503	498
503	509
503	512
503	524
503	543
503	564
503	566
503	571
503	575
503	576
503	581
503	588
503	590
503	591
503	597
503	606
503	607
503	613
503	615
503	618
503	631
503	634
503	635
503	640
503	648
503	649
503	656
503	684
503	685
503	687
503	700
503	703
503	706
503	711
503	713
503	714
503	720
503	724
503	727
503	730
503	737
503	742
503	743
503	761
503	765
503	768
503	770
503	771
503	776
503	784
503	795
503	817
503	818
503	827
503	830
503	832
503	834
503	835
503	836
503	846
503	847
503	852
503	857
503	860
503	876
503	908
503	915
503	918
503	921
503	923
503	940
503	943
503	950
503	952
503	961
503	982
503	988
503	999
504	17
504	23
504	29
504	32
504	46
504	53
504	63
504	67
504	72
504	84
504	90
504	91
504	106
504	107
504	112
504	133
504	142
504	144
504	153
504	172
504	179
504	184
504	185
504	189
504	199
504	215
504	219
504	225
504	227
504	228
504	249
504	254
504	263
504	267
504	271
504	275
504	282
504	293
504	296
504	311
504	312
504	322
504	328
504	335
504	352
504	353
504	354
504	374
504	385
504	395
504	403
504	422
504	423
504	431
504	434
504	444
504	446
504	448
504	449
504	451
504	454
504	464
504	466
504	470
504	479
504	480
504	492
504	493
504	506
504	511
504	514
504	520
504	529
504	530
504	537
504	542
504	549
504	555
504	557
504	563
504	565
504	568
504	578
504	585
504	586
504	612
504	619
504	623
504	639
504	641
504	660
504	662
504	666
504	670
504	671
504	676
504	677
504	679
504	701
504	708
504	718
504	721
504	733
504	756
504	757
504	772
504	779
504	782
504	786
504	789
504	791
504	793
504	797
504	805
504	828
504	837
504	838
504	840
504	841
504	844
504	845
504	851
504	855
504	870
504	875
504	877
504	881
504	883
504	896
504	911
504	934
504	949
504	958
504	966
504	977
504	981
504	984
504	994
504	995
505	47
505	58
505	60
505	62
505	68
505	71
505	80
505	87
505	88
505	104
505	105
505	127
505	135
505	143
505	171
505	176
505	201
505	241
505	243
505	253
505	273
505	280
505	303
505	310
505	313
505	326
505	350
505	356
505	363
505	369
505	375
505	402
505	442
505	455
505	462
505	478
505	481
505	482
505	508
505	510
505	522
505	538
505	540
505	562
505	584
505	616
505	622
505	628
505	636
505	652
505	681
505	686
505	691
505	696
505	698
505	702
505	709
505	725
505	726
505	736
505	753
505	762
505	773
505	775
505	783
505	790
505	799
505	819
505	820
505	821
505	826
505	839
505	862
505	884
505	893
505	901
505	909
505	916
505	917
505	957
505	962
505	980
505	983
505	986
505	990
506	16
506	22
506	25
506	38
506	77
506	100
506	130
506	213
506	234
506	260
506	261
506	278
506	284
506	318
506	355
506	410
506	415
506	417
506	421
506	426
506	472
506	503
506	523
506	527
506	541
506	544
506	553
506	580
506	620
506	647
506	654
506	707
506	744
506	780
506	807
506	824
506	854
506	863
506	874
506	880
506	888
506	959
506	997
507	11
507	66
507	192
507	232
507	244
507	285
507	398
507	406
507	416
507	450
507	459
507	548
507	643
507	661
507	723
507	810
507	825
507	829
507	919
507	929
508	115
508	286
508	376
508	436
508	526
508	699
509	800
510	396
