Minimo	Corrida
500	193
500	198
500	255
500	299
500	349
500	351
500	378
500	398
500	420
500	454
500	494
500	512
500	640
500	652
500	653
500	675
500	698
500	743
500	780
500	787
500	802
500	833
500	918
500	962
500	983
500	990
501	2
501	8
501	16
501	17
501	18
501	19
501	23
501	24
501	32
501	33
501	36
501	38
501	40
501	51
501	52
501	57
501	60
501	72
501	73
501	88
501	93
501	95
501	96
501	104
501	106
501	108
501	109
501	110
501	118
501	119
501	122
501	126
501	128
501	131
501	134
501	153
501	155
501	158
501	160
501	162
501	167
501	169
501	170
501	182
501	183
501	187
501	188
501	189
501	194
501	195
501	204
501	208
501	215
501	220
501	221
501	242
501	243
501	249
501	251
501	256
501	262
501	265
501	276
501	281
501	282
501	283
501	297
501	300
501	302
501	310
501	313
501	315
501	316
501	321
501	322
501	323
501	327
501	330
501	336
501	338
501	341
501	343
501	345
501	347
501	352
501	360
501	362
501	363
501	364
501	366
501	368
501	369
501	379
501	401
501	404
501	405
501	413
501	418
501	426
501	433
501	437
501	451
501	455
501	457
501	458
501	459
501	461
501	466
501	470
501	482
501	483
501	491
501	497
501	501
501	505
501	517
501	519
501	523
501	525
501	527
501	531
501	533
501	534
501	535
501	538
501	542
501	543
501	544
501	545
501	547
501	549
501	562
501	566
501	569
501	575
501	583
501	584
501	587
501	591
501	596
501	615
501	617
501	618
501	630
501	635
501	641
501	645
501	646
501	647
501	657
501	658
501	659
501	674
501	676
501	679
501	681
501	689
501	690
501	694
501	700
501	704
501	716
501	722
501	724
501	725
501	726
501	734
501	738
501	741
501	744
501	746
501	748
501	752
501	763
501	765
501	767
501	769
501	771
501	774
501	775
501	776
501	795
501	807
501	825
501	828
501	831
501	842
501	845
501	847
501	855
501	864
501	870
501	872
501	874
501	876
501	880
501	881
501	884
501	885
501	889
501	892
501	897
501	904
501	912
501	915
501	926
501	933
501	934
501	935
501	937
501	939
501	940
501	943
501	952
501	958
501	965
501	968
501	969
501	978
501	985
501	992
501	996
502	4
502	5
502	7
502	10
502	11
502	13
502	15
502	26
502	27
502	42
502	43
502	45
502	59
502	64
502	70
502	71
502	74
502	78
502	79
502	80
502	81
502	85
502	86
502	91
502	92
502	94
502	97
502	101
502	102
502	103
502	107
502	123
502	127
502	142
502	143
502	144
502	151
502	157
502	161
502	172
502	180
502	184
502	192
502	197
502	200
502	202
502	203
502	206
502	209
502	211
502	214
502	216
502	218
502	224
502	231
502	234
502	236
502	238
502	252
502	258
502	266
502	267
502	268
502	269
502	277
502	278
502	284
502	294
502	296
502	301
502	303
502	306
502	308
502	311
502	317
502	324
502	326
502	328
502	332
502	333
502	337
502	342
502	344
502	350
502	365
502	367
502	371
502	372
502	374
502	387
502	393
502	394
502	400
502	407
502	410
502	414
502	419
502	424
502	429
502	436
502	438
502	440
502	443
502	446
502	450
502	468
502	479
502	481
502	488
502	489
502	490
502	493
502	496
502	500
502	504
502	507
502	508
502	511
502	513
502	522
502	528
502	532
502	536
502	539
502	540
502	563
502	565
502	567
502	573
502	574
502	580
502	586
502	590
502	593
502	597
502	598
502	599
502	605
502	611
502	613
502	616
502	619
502	620
502	622
502	627
502	632
502	637
502	642
502	643
502	656
502	664
502	671
502	672
502	680
502	684
502	685
502	687
502	695
502	696
502	697
502	702
502	703
502	711
502	713
502	714
502	717
502	720
502	721
502	723
502	728
502	732
502	733
502	742
502	751
502	753
502	754
502	758
502	762
502	768
502	773
502	777
502	782
502	784
502	786
502	792
502	794
502	799
502	808
502	810
502	812
502	814
502	815
502	821
502	822
502	823
502	824
502	826
502	827
502	829
502	834
502	840
502	841
502	843
502	853
502	856
502	858
502	861
502	863
502	867
502	868
502	873
502	887
502	891
502	893
502	894
502	895
502	896
502	898
502	905
502	908
502	909
502	911
502	927
502	930
502	931
502	942
502	946
502	947
502	954
502	956
502	959
502	960
502	961
502	970
502	986
502	987
502	988
502	989
502	998
503	1
503	6
503	20
503	21
503	22
503	28
503	31
503	39
503	41
503	48
503	49
503	53
503	54
503	56
503	62
503	66
503	67
503	68
503	69
503	75
503	82
503	87
503	89
503	90
503	98
503	99
503	105
503	113
503	114
503	116
503	117
503	120
503	125
503	129
503	135
503	136
503	137
503	145
503	146
503	148
503	149
503	150
503	152
503	156
503	165
503	166
503	171
503	176
503	177
503	178
503	181
503	185
503	186
503	190
503	191
503	205
503	210
503	213
503	222
503	230
503	232
503	239
503	240
503	244
503	247
503	254
503	259
503	260
503	264
503	272
503	274
503	279
503	286
503	287
503	289
503	290
503	293
503	295
503	298
503	304
503	318
503	319
503	325
503	329
503	331
503	335
503	339
503	340
503	346
503	355
503	356
503	359
503	361
503	373
503	377
503	381
503	383
503	384
503	385
503	388
503	389
503	390
503	391
503	392
503	395
503	396
503	402
503	403
503	409
503	412
503	421
503	422
503	423
503	430
503	431
503	432
503	439
503	448
503	449
503	452
503	453
503	456
503	462
503	463
503	469
503	474
503	476
503	477
503	480
503	486
503	487
503	492
503	502
503	503
503	506
503	509
503	510
503	521
503	554
503	555
503	568
503	571
503	576
503	577
503	578
503	579
503	585
503	588
503	594
503	595
503	601
503	602
503	604
503	607
503	608
503	609
503	621
503	624
503	626
503	638
503	644
503	649
503	651
503	654
503	660
503	663
503	665
503	666
503	670
503	686
503	691
503	692
503	699
503	701
503	705
503	706
503	707
503	727
503	730
503	735
503	740
503	745
503	749
503	750
503	757
503	761
503	764
503	779
503	783
503	788
503	796
503	798
503	800
503	803
503	804
503	809
503	813
503	830
503	835
503	844
503	846
503	848
503	849
503	851
503	852
503	866
503	869
503	871
503	875
503	879
503	882
503	883
503	888
503	900
503	901
503	906
503	917
503	921
503	932
503	936
503	938
503	949
503	951
503	953
503	963
503	964
503	966
503	973
503	975
503	979
503	981
503	991
503	993
503	995
503	997
503	999
504	0
504	3
504	9
504	25
504	29
504	37
504	44
504	46
504	47
504	50
504	61
504	63
504	65
504	76
504	84
504	111
504	124
504	132
504	141
504	147
504	159
504	163
504	164
504	199
504	207
504	217
504	226
504	227
504	229
504	237
504	248
504	250
504	253
504	261
504	275
504	280
504	285
504	292
504	309
504	312
504	376
504	380
504	382
504	386
504	397
504	399
504	415
504	425
504	435
504	442
504	444
504	445
504	447
504	464
504	467
504	472
504	473
504	478
504	484
504	495
504	499
504	526
504	546
504	550
504	551
504	552
504	553
504	556
504	558
504	560
504	561
504	564
504	572
504	600
504	606
504	623
504	625
504	628
504	634
504	636
504	650
504	655
504	662
504	668
504	669
504	673
504	677
504	678
504	682
504	683
504	693
504	708
504	709
504	712
504	715
504	718
504	719
504	731
504	736
504	737
504	747
504	760
504	770
504	778
504	781
504	790
504	791
504	793
504	805
504	806
504	819
504	820
504	832
504	836
504	837
504	838
504	839
504	850
504	854
504	857
504	859
504	877
504	878
504	886
504	890
504	899
504	903
504	913
504	922
504	924
504	928
504	941
504	944
504	950
504	976
504	984
505	30
505	35
505	55
505	100
505	138
505	139
505	168
505	201
505	219
505	225
505	235
505	241
505	245
505	257
505	307
505	320
505	353
505	354
505	358
505	370
505	416
505	417
505	427
505	428
505	441
505	460
505	465
505	471
505	485
505	498
505	515
505	516
505	518
505	520
505	529
505	541
505	548
505	557
505	559
505	570
505	581
505	603
505	614
505	629
505	631
505	639
505	648
505	661
505	688
505	729
505	756
505	772
505	797
505	811
505	816
505	818
505	860
505	862
505	902
505	919
505	920
505	929
505	948
505	955
505	957
505	972
505	974
505	977
505	980
505	982
506	12
506	58
506	77
506	83
506	112
506	115
506	154
506	179
506	212
506	228
506	233
506	246
506	263
506	270
506	271
506	273
506	305
506	314
506	334
506	406
506	408
506	411
506	475
506	514
506	524
506	530
506	537
506	582
506	610
506	612
506	633
506	667
506	710
506	739
506	755
506	785
506	789
506	801
506	865
506	907
506	914
506	925
506	945
506	971
507	14
507	34
507	130
507	140
507	223
507	291
507	375
507	589
507	592
507	759
507	817
507	910
507	916
507	923
507	967
507	994
508	121
508	133
508	173
508	175
508	196
508	348
508	357
508	766
509	174
509	288
510	434
